<?xml version="1.0" encoding="UTF-8"?>
<!-- Generated by org.testng.reporters.JUnitReportReporter -->
<testsuite hostname="ip-192-168-18-208.ec2.internal" failures="0" tests="1" name="VerifySkillsCount" time="19.263" errors="0" timestamp="2022-07-03T13:39:59 AMT" skipped="0">
  <testcase classname="VerifySkillsCount" name="verifyThatJobContainsExactlyFiveSkills" time="19.263"/>
  <system-out/>
</testsuite> <!-- VerifySkillsCount -->
